<?xml version="1.0" encoding="UTF-8"?>
<testsuite name="vip.mystery0.xhu.timetable.db.AtomicTransactionTest" tests="3" skipped="0" failures="0" errors="0" timestamp="2026-02-01T10:30:34" hostname="potato-Legion-Y7000P-IRX9" time="0.0">
  <properties/>
  <testcase name="dataPartition_validation" classname="vip.mystery0.xhu.timetable.db.AtomicTransactionTest" time="0.0"/>
  <testcase name="dataPartition_rejects_blank_studentId" classname="vip.mystery0.xhu.timetable.db.AtomicTransactionTest" time="0.0"/>
  <testcase name="dataPartition_rejects_invalid_termIndex" classname="vip.mystery0.xhu.timetable.db.AtomicTransactionTest" time="0.0"/>
  <system-out><![CDATA[]]></system-out>
  <system-err><![CDATA[]]></system-err>
</testsuite>
